#
# There is insufficient memory for the Java Runtime Environment to continue.
# Native memory allocation (malloc) failed to allocate 1124816 bytes for Chunk::new
# Possible reasons:
#   The system is out of physical RAM or swap space
#   The process is running with CompressedOops enabled, and the Java Heap may be blocking the growth of the native heap
# Possible solutions:
#   Reduce memory load on the system
#   Increase physical memory or swap space
#   Check if swap backing store is full
#   Decrease Java heap size (-Xmx/-Xms)
#   Decrease number of Java threads
#   Decrease Java thread stack sizes (-Xss)
#   Set larger code cache with -XX:ReservedCodeCacheSize=
#   JVM is running with Zero Based Compressed Oops mode in which the Java heap is
#     placed in the first 32GB address space. The Java Heap base address is the
#     maximum limit for the native heap growth. Please use -XX:HeapBaseMinAddress
#     to set the Java Heap base and to place the Java Heap above 32GB virtual address.
# This output file may be truncated or incomplete.
#
#  Out of Memory Error (./src/hotspot/share/memory/arena.cpp:197), pid=14524, tid=3100
#
# JRE version: OpenJDK Runtime Environment 18.9 (11.0.16+8) (build 11.0.16+8)
# Java VM: OpenJDK 64-Bit Server VM 18.9 (11.0.16+8, mixed mode, tiered, compressed oops, g1 gc, windows-amd64)
# No core dump will be written. Minidumps are not enabled by default on client versions of Windows
#

---------------  S U M M A R Y ------------

Command Line: org.jetbrains.kotlin.cli.jvm.K2JVMCompiler @C:\Users\rrody\OneDrive\Documentos\PERSONAL-PROJECTS\MoviesPageNative\node_modules\react-native-screens\android\build\20220803_12372594563944187425.compiler.options

Host: Intel(R) Core(TM) i5-8250U CPU @ 1.60GHz, 8 cores, 11G,  Windows 11 , 64 bit Build 22000 (10.0.22000.708)
Time: Wed Aug  3 15:50:27 2022 Hora estándar oeste, Sudamérica elapsed time: 16.300188 seconds (0d 0h 0m 16s)

---------------  T H R E A D  ---------------

Current thread (0x000001f34f083800):  JavaThread "C2 CompilerThread1" daemon [_thread_in_native, id=3100, stack(0x00000083f3500000,0x00000083f3600000)]


Current CompileTask:
C2:  16300 10702       4       org.jetbrains.kotlin.load.java.structure.impl.classFiles.BinaryJavaMethodBase$Companion::create (572 bytes)

Stack: [0x00000083f3500000,0x00000083f3600000]
Native frames: (J=compiled Java code, j=interpreted, Vv=VM code, C=native code)
V  [jvm.dll+0x61a63a]
V  [jvm.dll+0x757439]
V  [jvm.dll+0x758b28]
V  [jvm.dll+0x759203]
V  [jvm.dll+0x24d9a8]
V  [jvm.dll+0xc148c]
V  [jvm.dll+0xc1a4c]
V  [jvm.dll+0x3570e2]
V  [jvm.dll+0x19d0d1]
V  [jvm.dll+0x206ec2]
V  [jvm.dll+0x205edd]
V  [jvm.dll+0x187ec1]
V  [jvm.dll+0x2156a4]
V  [jvm.dll+0x2138eb]
V  [jvm.dll+0x71a000]
V  [jvm.dll+0x712f34]
V  [jvm.dll+0x6194a5]
C  [ucrtbase.dll+0x26c0c]
C  [KERNEL32.DLL+0x154e0]
C  [ntdll.dll+0x485b]


---------------  P R O C E S S  ---------------

Threads class SMR info:
_java_thread_list=0x000001f350674900, length=11, elements={
0x000001f327f35000, 0x000001f349e77000, 0x000001f349ea0800, 0x000001f349f09000,
0x000001f349f0b000, 0x000001f349f0c000, 0x000001f349f0e800, 0x000001f349ec0000,
0x000001f349f10000, 0x000001f34a07a000, 0x000001f34f083800
}

Java Threads: ( => current thread )
  0x000001f327f35000 JavaThread "main" [_thread_in_Java, id=13628, stack(0x00000083f2000000,0x00000083f2100000)]
  0x000001f349e77000 JavaThread "Reference Handler" daemon [_thread_blocked, id=8848, stack(0x00000083f2700000,0x00000083f2800000)]
  0x000001f349ea0800 JavaThread "Finalizer" daemon [_thread_blocked, id=13392, stack(0x00000083f2800000,0x00000083f2900000)]
  0x000001f349f09000 JavaThread "Signal Dispatcher" daemon [_thread_blocked, id=11164, stack(0x00000083f2900000,0x00000083f2a00000)]
  0x000001f349f0b000 JavaThread "Attach Listener" daemon [_thread_blocked, id=9440, stack(0x00000083f2a00000,0x00000083f2b00000)]
  0x000001f349f0c000 JavaThread "Service Thread" daemon [_thread_blocked, id=10116, stack(0x00000083f2b00000,0x00000083f2c00000)]
  0x000001f349f0e800 JavaThread "C2 CompilerThread0" daemon [_thread_in_native, id=8544, stack(0x00000083f2c00000,0x00000083f2d00000)]
  0x000001f349ec0000 JavaThread "C1 CompilerThread0" daemon [_thread_blocked, id=1228, stack(0x00000083f2d00000,0x00000083f2e00000)]
  0x000001f349f10000 JavaThread "Sweeper thread" daemon [_thread_blocked, id=12660, stack(0x00000083f2e00000,0x00000083f2f00000)]
  0x000001f34a07a000 JavaThread "Common-Cleaner" daemon [_thread_blocked, id=11516, stack(0x00000083f3000000,0x00000083f3100000)]
=>0x000001f34f083800 JavaThread "C2 CompilerThread1" daemon [_thread_in_native, id=3100, stack(0x00000083f3500000,0x00000083f3600000)]

Other Threads:
  0x000001f349e74800 VMThread "VM Thread" [stack: 0x00000083f2600000,0x00000083f2700000] [id=11084]
  0x000001f34a072000 WatcherThread [stack: 0x00000083f2f00000,0x00000083f3000000] [id=15532]
  0x000001f327f4c000 GCTaskThread "GC Thread#0" [stack: 0x00000083f2100000,0x00000083f2200000] [id=13464]
  0x000001f34a579800 GCTaskThread "GC Thread#1" [stack: 0x00000083f3200000,0x00000083f3300000] [id=12340]
  0x000001f34a25f000 GCTaskThread "GC Thread#2" [stack: 0x00000083f3300000,0x00000083f3400000] [id=14508]
  0x000001f34a25f800 GCTaskThread "GC Thread#3" [stack: 0x00000083f3400000,0x00000083f3500000] [id=8012]
  0x000001f34ef7a800 GCTaskThread "GC Thread#4" [stack: 0x00000083f3700000,0x00000083f3800000] [id=15216]
  0x000001f327f93800 ConcurrentGCThread "G1 Main Marker" [stack: 0x00000083f2200000,0x00000083f2300000] [id=11292]
  0x000001f327f95000 ConcurrentGCThread "G1 Conc#0" [stack: 0x00000083f2300000,0x00000083f2400000] [id=1056]
  0x000001f34ab40000 ConcurrentGCThread "G1 Conc#1" [stack: 0x00000083f3100000,0x00000083f3200000] [id=4616]
  0x000001f32800d800 ConcurrentGCThread "G1 Refine#0" [stack: 0x00000083f2400000,0x00000083f2500000] [id=6400]
  0x000001f34d5a3800 ConcurrentGCThread "G1 Refine#1" [stack: 0x00000083f3600000,0x00000083f3700000] [id=12212]
  0x000001f3494da800 ConcurrentGCThread "G1 Young RemSet Sampling" [stack: 0x00000083f2500000,0x00000083f2600000] [id=5848]

Threads with active compile tasks:
C2 CompilerThread0    16354 10585       4       org.jetbrains.kotlin.load.java.typeEnhancement.JavaTypeEnhancement::enhanceInflexible (1027 bytes)
C2 CompilerThread1    16354 10702       4       org.jetbrains.kotlin.load.java.structure.impl.classFiles.BinaryJavaMethodBase$Companion::create (572 bytes)

VM state:not at safepoint (normal execution)

VM Mutex/Monitor currently owned by a thread: None

Heap address: 0x0000000741600000, size: 3050 MB, Compressed Oops mode: Zero based, Oop shift amount: 3
Narrow klass base: 0x0000000800000000, Narrow klass shift: 0
Compressed class space size: 1073741824 Address: 0x0000000800000000

Heap:
 garbage-first heap   total 284672K, used 108544K [0x0000000741600000, 0x0000000800000000)
  region size 1024K, 47 young (48128K), 8 survivors (8192K)
 Metaspace       used 68806K, capacity 69688K, committed 69852K, reserved 1112064K
  class space    used 7617K, capacity 7981K, committed 8064K, reserved 1048576K
Heap Regions: E=young(eden), S=young(survivor), O=old, HS=humongous(starts), HC=humongous(continues), CS=collection set, F=free, A=archive, TAMS=top-at-mark-start (previous, next)
|   0|0x0000000741600000, 0x0000000741700000, 0x0000000741700000|100%|HS|  |TAMS 0x0000000741700000, 0x0000000741600000| Complete 
|   1|0x0000000741700000, 0x0000000741800000, 0x0000000741800000|100%|HC|  |TAMS 0x0000000741800000, 0x0000000741700000| Complete 
|   2|0x0000000741800000, 0x0000000741900000, 0x0000000741900000|100%|HC|  |TAMS 0x0000000741900000, 0x0000000741800000| Complete 
|   3|0x0000000741900000, 0x0000000741a00000, 0x0000000741a00000|100%|HS|  |TAMS 0x0000000741a00000, 0x0000000741900000| Complete 
|   4|0x0000000741a00000, 0x0000000741b00000, 0x0000000741b00000|100%|HC|  |TAMS 0x0000000741b00000, 0x0000000741a00000| Complete 
|   5|0x0000000741b00000, 0x0000000741c00000, 0x0000000741c00000|100%|HC|  |TAMS 0x0000000741c00000, 0x0000000741b00000| Complete 
|   6|0x0000000741c00000, 0x0000000741d00000, 0x0000000741d00000|100%|HS|  |TAMS 0x0000000741d00000, 0x0000000741c00000| Complete 
|   7|0x0000000741d00000, 0x0000000741e00000, 0x0000000741e00000|100%|HC|  |TAMS 0x0000000741e00000, 0x0000000741d00000| Complete 
|   8|0x0000000741e00000, 0x0000000741f00000, 0x0000000741f00000|100%| O|  |TAMS 0x0000000741f00000, 0x0000000741e00000| Untracked 
|   9|0x0000000741f00000, 0x0000000742000000, 0x0000000742000000|100%| O|  |TAMS 0x0000000742000000, 0x0000000741f00000| Untracked 
|  10|0x0000000742000000, 0x0000000742100000, 0x0000000742100000|100%| O|  |TAMS 0x0000000742100000, 0x0000000742000000| Untracked 
|  11|0x0000000742100000, 0x0000000742200000, 0x0000000742200000|100%| O|  |TAMS 0x0000000742200000, 0x0000000742100000| Untracked 
|  12|0x0000000742200000, 0x0000000742300000, 0x0000000742300000|100%| O|  |TAMS 0x0000000742300000, 0x0000000742200000| Untracked 
|  13|0x0000000742300000, 0x0000000742400000, 0x0000000742400000|100%| O|  |TAMS 0x0000000742400000, 0x0000000742300000| Untracked 
|  14|0x0000000742400000, 0x0000000742500000, 0x0000000742500000|100%| O|  |TAMS 0x0000000742500000, 0x0000000742400000| Untracked 
|  15|0x0000000742500000, 0x0000000742600000, 0x0000000742600000|100%| O|  |TAMS 0x0000000742600000, 0x0000000742500000| Untracked 
|  16|0x0000000742600000, 0x0000000742700000, 0x0000000742700000|100%| O|  |TAMS 0x0000000742700000, 0x0000000742600000| Untracked 
|  17|0x0000000742700000, 0x0000000742800000, 0x0000000742800000|100%| O|  |TAMS 0x0000000742800000, 0x0000000742700000| Untracked 
|  18|0x0000000742800000, 0x0000000742900000, 0x0000000742900000|100%| O|  |TAMS 0x0000000742900000, 0x0000000742800000| Untracked 
|  19|0x0000000742900000, 0x0000000742a00000, 0x0000000742a00000|100%| O|  |TAMS 0x0000000742a00000, 0x0000000742900000| Untracked 
|  20|0x0000000742a00000, 0x0000000742b00000, 0x0000000742b00000|100%| O|  |TAMS 0x0000000742b00000, 0x0000000742a00000| Untracked 
|  21|0x0000000742b00000, 0x0000000742c00000, 0x0000000742c00000|100%| O|  |TAMS 0x0000000742c00000, 0x0000000742b00000| Untracked 
|  22|0x0000000742c00000, 0x0000000742d00000, 0x0000000742d00000|100%| O|  |TAMS 0x0000000742d00000, 0x0000000742c00000| Untracked 
|  23|0x0000000742d00000, 0x0000000742e00000, 0x0000000742e00000|100%| O|  |TAMS 0x0000000742e00000, 0x0000000742d00000| Untracked 
|  24|0x0000000742e00000, 0x0000000742f00000, 0x0000000742f00000|100%| O|  |TAMS 0x0000000742f00000, 0x0000000742e00000| Untracked 
|  25|0x0000000742f00000, 0x0000000743000000, 0x0000000743000000|100%| O|  |TAMS 0x0000000743000000, 0x0000000742f00000| Untracked 
|  26|0x0000000743000000, 0x0000000743100000, 0x0000000743100000|100%| O|  |TAMS 0x0000000743100000, 0x0000000743000000| Untracked 
|  27|0x0000000743100000, 0x0000000743200000, 0x0000000743200000|100%| O|  |TAMS 0x0000000743200000, 0x0000000743100000| Untracked 
|  28|0x0000000743200000, 0x0000000743300000, 0x0000000743300000|100%| O|  |TAMS 0x0000000743300000, 0x0000000743200000| Untracked 
|  29|0x0000000743300000, 0x0000000743400000, 0x0000000743400000|100%| O|  |TAMS 0x0000000743400000, 0x0000000743300000| Untracked 
|  30|0x0000000743400000, 0x0000000743500000, 0x0000000743500000|100%| O|  |TAMS 0x0000000743500000, 0x0000000743400000| Untracked 
|  31|0x0000000743500000, 0x0000000743600000, 0x0000000743600000|100%| O|  |TAMS 0x0000000743600000, 0x0000000743500000| Untracked 
|  32|0x0000000743600000, 0x0000000743700000, 0x0000000743700000|100%| O|  |TAMS 0x0000000743700000, 0x0000000743600000| Untracked 
|  33|0x0000000743700000, 0x0000000743800000, 0x0000000743800000|100%| O|  |TAMS 0x0000000743800000, 0x0000000743700000| Untracked 
|  34|0x0000000743800000, 0x0000000743900000, 0x0000000743900000|100%| O|  |TAMS 0x0000000743900000, 0x0000000743800000| Untracked 
|  35|0x0000000743900000, 0x0000000743a00000, 0x0000000743a00000|100%| O|  |TAMS 0x0000000743a00000, 0x0000000743900000| Untracked 
|  36|0x0000000743a00000, 0x0000000743b00000, 0x0000000743b00000|100%| O|  |TAMS 0x0000000743b00000, 0x0000000743a00000| Untracked 
|  37|0x0000000743b00000, 0x0000000743c00000, 0x0000000743c00000|100%| O|  |TAMS 0x0000000743c00000, 0x0000000743b00000| Untracked 
|  38|0x0000000743c00000, 0x0000000743d00000, 0x0000000743d00000|100%| O|  |TAMS 0x0000000743d00000, 0x0000000743c00000| Untracked 
|  39|0x0000000743d00000, 0x0000000743e00000, 0x0000000743e00000|100%| O|  |TAMS 0x0000000743e00000, 0x0000000743d00000| Untracked 
|  40|0x0000000743e00000, 0x0000000743f00000, 0x0000000743f00000|100%| O|  |TAMS 0x0000000743f00000, 0x0000000743e00000| Untracked 
|  41|0x0000000743f00000, 0x0000000744000000, 0x0000000744000000|100%| O|  |TAMS 0x0000000744000000, 0x0000000743f00000| Untracked 
|  42|0x0000000744000000, 0x0000000744100000, 0x0000000744100000|100%| O|  |TAMS 0x0000000744100000, 0x0000000744000000| Untracked 
|  43|0x0000000744100000, 0x0000000744200000, 0x0000000744200000|100%| O|  |TAMS 0x0000000744100000, 0x0000000744100000| Untracked 
|  44|0x0000000744200000, 0x0000000744300000, 0x0000000744300000|100%| O|  |TAMS 0x0000000744200000, 0x0000000744200000| Untracked 
|  45|0x0000000744300000, 0x0000000744400000, 0x0000000744400000|100%| O|  |TAMS 0x0000000744300000, 0x0000000744300000| Untracked 
|  46|0x0000000744400000, 0x0000000744500000, 0x0000000744500000|100%| O|  |TAMS 0x0000000744400000, 0x0000000744400000| Untracked 
|  47|0x0000000744500000, 0x0000000744500000, 0x0000000744600000|  0%| F|  |TAMS 0x0000000744500000, 0x0000000744500000| Untracked 
|  48|0x0000000744600000, 0x0000000744700000, 0x0000000744700000|100%| O|  |TAMS 0x0000000744600000, 0x0000000744600000| Untracked 
|  49|0x0000000744700000, 0x0000000744800000, 0x0000000744800000|100%| O|  |TAMS 0x0000000744700000, 0x0000000744700000| Untracked 
|  50|0x0000000744800000, 0x0000000744900000, 0x0000000744900000|100%| O|  |TAMS 0x0000000744800000, 0x0000000744800000| Untracked 
|  51|0x0000000744900000, 0x0000000744a00000, 0x0000000744a00000|100%| O|  |TAMS 0x0000000744900000, 0x0000000744900000| Untracked 
|  52|0x0000000744a00000, 0x0000000744b00000, 0x0000000744b00000|100%| O|  |TAMS 0x0000000744a00000, 0x0000000744a00000| Untracked 
|  53|0x0000000744b00000, 0x0000000744c00000, 0x0000000744c00000|100%| O|  |TAMS 0x0000000744b00000, 0x0000000744b00000| Untracked 
|  54|0x0000000744c00000, 0x0000000744d00000, 0x0000000744d00000|100%| O|  |TAMS 0x0000000744c00000, 0x0000000744c00000| Untracked 
|  55|0x0000000744d00000, 0x0000000744e00000, 0x0000000744e00000|100%| O|  |TAMS 0x0000000744d00000, 0x0000000744d00000| Untracked 
|  56|0x0000000744e00000, 0x0000000744f00000, 0x0000000744f00000|100%| O|  |TAMS 0x0000000744e00000, 0x0000000744e00000| Untracked 
|  57|0x0000000744f00000, 0x0000000745000000, 0x0000000745000000|100%| O|  |TAMS 0x0000000744f00000, 0x0000000744f00000| Untracked 
|  58|0x0000000745000000, 0x0000000745100000, 0x0000000745100000|100%| O|  |TAMS 0x0000000745000000, 0x0000000745000000| Untracked 
|  59|0x0000000745100000, 0x0000000745200000, 0x0000000745200000|100%| O|  |TAMS 0x0000000745100000, 0x0000000745100000| Untracked 
|  60|0x0000000745200000, 0x0000000745300000, 0x0000000745300000|100%| O|  |TAMS 0x0000000745200000, 0x0000000745200000| Untracked 
|  61|0x0000000745300000, 0x0000000745300000, 0x0000000745400000|  0%| F|  |TAMS 0x0000000745300000, 0x0000000745300000| Untracked 
|  62|0x0000000745400000, 0x0000000745400000, 0x0000000745500000|  0%| F|  |TAMS 0x0000000745400000, 0x0000000745400000| Untracked 
|  63|0x0000000745500000, 0x0000000745500000, 0x0000000745600000|  0%| F|  |TAMS 0x0000000745500000, 0x0000000745500000| Untracked 
|  64|0x0000000745600000, 0x0000000745600000, 0x0000000745700000|  0%| F|  |TAMS 0x0000000745600000, 0x0000000745600000| Untracked 
|  65|0x0000000745700000, 0x0000000745700000, 0x0000000745800000|  0%| F|  |TAMS 0x0000000745700000, 0x0000000745700000| Untracked 
|  66|0x0000000745800000, 0x0000000745800000, 0x0000000745900000|  0%| F|  |TAMS 0x0000000745800000, 0x0000000745800000| Untracked 
|  67|0x0000000745900000, 0x0000000745900000, 0x0000000745a00000|  0%| F|  |TAMS 0x0000000745900000, 0x0000000745900000| Untracked 
|  68|0x0000000745a00000, 0x0000000745a00000, 0x0000000745b00000|  0%| F|  |TAMS 0x0000000745a00000, 0x0000000745a00000| Untracked 
|  69|0x0000000745b00000, 0x0000000745b00000, 0x0000000745c00000|  0%| F|  |TAMS 0x0000000745b00000, 0x0000000745b00000| Untracked 
|  70|0x0000000745c00000, 0x0000000745c00000, 0x0000000745d00000|  0%| F|  |TAMS 0x0000000745c00000, 0x0000000745c00000| Untracked 
|  71|0x0000000745d00000, 0x0000000745d00000, 0x0000000745e00000|  0%| F|  |TAMS 0x0000000745d00000, 0x0000000745d00000| Untracked 
|  72|0x0000000745e00000, 0x0000000745e00000, 0x0000000745f00000|  0%| F|  |TAMS 0x0000000745e00000, 0x0000000745e00000| Untracked 
|  73|0x0000000745f00000, 0x0000000745f00000, 0x0000000746000000|  0%| F|  |TAMS 0x0000000745f00000, 0x0000000745f00000| Untracked 
|  74|0x0000000746000000, 0x0000000746000000, 0x0000000746100000|  0%| F|  |TAMS 0x0000000746000000, 0x0000000746000000| Untracked 
|  75|0x0000000746100000, 0x0000000746100000, 0x0000000746200000|  0%| F|  |TAMS 0x0000000746100000, 0x0000000746100000| Untracked 
|  76|0x0000000746200000, 0x0000000746200000, 0x0000000746300000|  0%| F|  |TAMS 0x0000000746200000, 0x0000000746200000| Untracked 
|  77|0x0000000746300000, 0x0000000746300000, 0x0000000746400000|  0%| F|  |TAMS 0x0000000746300000, 0x0000000746300000| Untracked 
|  78|0x0000000746400000, 0x0000000746400000, 0x0000000746500000|  0%| F|  |TAMS 0x0000000746400000, 0x0000000746400000| Untracked 
|  79|0x0000000746500000, 0x0000000746500000, 0x0000000746600000|  0%| F|  |TAMS 0x0000000746500000, 0x0000000746500000| Untracked 
|  80|0x0000000746600000, 0x0000000746600000, 0x0000000746700000|  0%| F|  |TAMS 0x0000000746600000, 0x0000000746600000| Untracked 
|  81|0x0000000746700000, 0x0000000746700000, 0x0000000746800000|  0%| F|  |TAMS 0x0000000746700000, 0x0000000746700000| Untracked 
|  82|0x0000000746800000, 0x0000000746800000, 0x0000000746900000|  0%| F|  |TAMS 0x0000000746800000, 0x0000000746800000| Untracked 
|  83|0x0000000746900000, 0x0000000746900000, 0x0000000746a00000|  0%| F|  |TAMS 0x0000000746900000, 0x0000000746900000| Untracked 
|  84|0x0000000746a00000, 0x0000000746a00000, 0x0000000746b00000|  0%| F|  |TAMS 0x0000000746a00000, 0x0000000746a00000| Untracked 
|  85|0x0000000746b00000, 0x0000000746b00000, 0x0000000746c00000|  0%| F|  |TAMS 0x0000000746b00000, 0x0000000746b00000| Untracked 
|  86|0x0000000746c00000, 0x0000000746c00000, 0x0000000746d00000|  0%| F|  |TAMS 0x0000000746c00000, 0x0000000746c00000| Untracked 
|  87|0x0000000746d00000, 0x0000000746d00000, 0x0000000746e00000|  0%| F|  |TAMS 0x0000000746d00000, 0x0000000746d00000| Untracked 
|  88|0x0000000746e00000, 0x0000000746e00000, 0x0000000746f00000|  0%| F|  |TAMS 0x0000000746e00000, 0x0000000746e00000| Untracked 
|  89|0x0000000746f00000, 0x0000000746f00000, 0x0000000747000000|  0%| F|  |TAMS 0x0000000746f00000, 0x0000000746f00000| Untracked 
|  90|0x0000000747000000, 0x0000000747000000, 0x0000000747100000|  0%| F|  |TAMS 0x0000000747000000, 0x0000000747000000| Untracked 
|  91|0x0000000747100000, 0x0000000747100000, 0x0000000747200000|  0%| F|  |TAMS 0x0000000747100000, 0x0000000747100000| Untracked 
|  92|0x0000000747200000, 0x0000000747200000, 0x0000000747300000|  0%| F|  |TAMS 0x0000000747200000, 0x0000000747200000| Untracked 
|  93|0x0000000747300000, 0x0000000747300000, 0x0000000747400000|  0%| F|  |TAMS 0x0000000747300000, 0x0000000747300000| Untracked 
|  94|0x0000000747400000, 0x0000000747400000, 0x0000000747500000|  0%| F|  |TAMS 0x0000000747400000, 0x0000000747400000| Untracked 
|  95|0x0000000747500000, 0x0000000747500000, 0x0000000747600000|  0%| F|  |TAMS 0x0000000747500000, 0x0000000747500000| Untracked 
|  96|0x0000000747600000, 0x0000000747600000, 0x0000000747700000|  0%| F|  |TAMS 0x0000000747600000, 0x0000000747600000| Untracked 
|  97|0x0000000747700000, 0x0000000747700000, 0x0000000747800000|  0%| F|  |TAMS 0x0000000747700000, 0x0000000747700000| Untracked 
|  98|0x0000000747800000, 0x0000000747800000, 0x0000000747900000|  0%| F|  |TAMS 0x0000000747800000, 0x0000000747800000| Untracked 
|  99|0x0000000747900000, 0x0000000747900000, 0x0000000747a00000|  0%| F|  |TAMS 0x0000000747900000, 0x0000000747900000| Untracked 
| 100|0x0000000747a00000, 0x0000000747a00000, 0x0000000747b00000|  0%| F|  |TAMS 0x0000000747a00000, 0x0000000747a00000| Untracked 
| 101|0x0000000747b00000, 0x0000000747b00000, 0x0000000747c00000|  0%| F|  |TAMS 0x0000000747b00000, 0x0000000747b00000| Untracked 
| 102|0x0000000747c00000, 0x0000000747c00000, 0x0000000747d00000|  0%| F|  |TAMS 0x0000000747c00000, 0x0000000747c00000| Untracked 
| 103|0x0000000747d00000, 0x0000000747d00000, 0x0000000747e00000|  0%| F|  |TAMS 0x0000000747d00000, 0x0000000747d00000| Untracked 
| 104|0x0000000747e00000, 0x0000000747e00000, 0x0000000747f00000|  0%| F|  |TAMS 0x0000000747e00000, 0x0000000747e00000| Untracked 
| 105|0x0000000747f00000, 0x0000000747f00000, 0x0000000748000000|  0%| F|  |TAMS 0x0000000747f00000, 0x0000000747f00000| Untracked 
| 106|0x0000000748000000, 0x0000000748000000, 0x0000000748100000|  0%| F|  |TAMS 0x0000000748000000, 0x0000000748000000| Untracked 
| 107|0x0000000748100000, 0x0000000748100000, 0x0000000748200000|  0%| F|  |TAMS 0x0000000748100000, 0x0000000748100000| Untracked 
| 108|0x0000000748200000, 0x0000000748200000, 0x0000000748300000|  0%| F|  |TAMS 0x0000000748200000, 0x0000000748200000| Untracked 
| 109|0x0000000748300000, 0x0000000748300000, 0x0000000748400000|  0%| F|  |TAMS 0x0000000748300000, 0x0000000748300000| Untracked 
| 110|0x0000000748400000, 0x0000000748400000, 0x0000000748500000|  0%| F|  |TAMS 0x0000000748400000, 0x0000000748400000| Untracked 
| 111|0x0000000748500000, 0x0000000748500000, 0x0000000748600000|  0%| F|  |TAMS 0x0000000748500000, 0x0000000748500000| Untracked 
| 112|0x0000000748600000, 0x0000000748700000, 0x0000000748700000|100%| S|CS|TAMS 0x0000000748600000, 0x0000000748600000| Complete 
| 113|0x0000000748700000, 0x0000000748800000, 0x0000000748800000|100%| S|CS|TAMS 0x0000000748700000, 0x0000000748700000| Complete 
| 114|0x0000000748800000, 0x0000000748900000, 0x0000000748900000|100%| S|CS|TAMS 0x0000000748800000, 0x0000000748800000| Complete 
| 115|0x0000000748900000, 0x0000000748a00000, 0x0000000748a00000|100%| S|CS|TAMS 0x0000000748900000, 0x0000000748900000| Complete 
| 116|0x0000000748a00000, 0x0000000748b00000, 0x0000000748b00000|100%| S|CS|TAMS 0x0000000748a00000, 0x0000000748a00000| Complete 
| 117|0x0000000748b00000, 0x0000000748c00000, 0x0000000748c00000|100%| S|CS|TAMS 0x0000000748b00000, 0x0000000748b00000| Complete 
| 118|0x0000000748c00000, 0x0000000748c00000, 0x0000000748d00000|  0%| F|  |TAMS 0x0000000748c00000, 0x0000000748c00000| Untracked 
| 119|0x0000000748d00000, 0x0000000748d00000, 0x0000000748e00000|  0%| F|  |TAMS 0x0000000748d00000, 0x0000000748d00000| Untracked 
| 120|0x0000000748e00000, 0x0000000748e00000, 0x0000000748f00000|  0%| F|  |TAMS 0x0000000748e00000, 0x0000000748e00000| Untracked 
| 121|0x0000000748f00000, 0x0000000748f00000, 0x0000000749000000|  0%| F|  |TAMS 0x0000000748f00000, 0x0000000748f00000| Untracked 
| 122|0x0000000749000000, 0x0000000749000000, 0x0000000749100000|  0%| F|  |TAMS 0x0000000749000000, 0x0000000749000000| Untracked 
| 123|0x0000000749100000, 0x0000000749100000, 0x0000000749200000|  0%| F|  |TAMS 0x0000000749100000, 0x0000000749100000| Untracked 
| 124|0x0000000749200000, 0x0000000749200000, 0x0000000749300000|  0%| F|  |TAMS 0x0000000749200000, 0x0000000749200000| Untracked 
| 125|0x0000000749300000, 0x0000000749300000, 0x0000000749400000|  0%| F|  |TAMS 0x0000000749300000, 0x0000000749300000| Untracked 
| 126|0x0000000749400000, 0x0000000749400000, 0x0000000749500000|  0%| F|  |TAMS 0x0000000749400000, 0x0000000749400000| Untracked 
| 127|0x0000000749500000, 0x0000000749500000, 0x0000000749600000|  0%| F|  |TAMS 0x0000000749500000, 0x0000000749500000| Untracked 
| 128|0x0000000749600000, 0x0000000749600000, 0x0000000749700000|  0%| F|  |TAMS 0x0000000749600000, 0x0000000749600000| Untracked 
| 129|0x0000000749700000, 0x0000000749700000, 0x0000000749800000|  0%| F|  |TAMS 0x0000000749700000, 0x0000000749700000| Untracked 
| 130|0x0000000749800000, 0x0000000749800000, 0x0000000749900000|  0%| F|  |TAMS 0x0000000749800000, 0x0000000749800000| Untracked 
| 131|0x0000000749900000, 0x0000000749a00000, 0x0000000749a00000|100%| S|CS|TAMS 0x0000000749900000, 0x0000000749900000| Complete 
| 132|0x0000000749a00000, 0x0000000749b00000, 0x0000000749b00000|100%| S|CS|TAMS 0x0000000749a00000, 0x0000000749a00000| Complete 
| 133|0x0000000749b00000, 0x0000000749b00000, 0x0000000749c00000|  0%| F|  |TAMS 0x0000000749b00000, 0x0000000749b00000| Untracked 
| 134|0x0000000749c00000, 0x0000000749c00000, 0x0000000749d00000|  0%| F|  |TAMS 0x0000000749c00000, 0x0000000749c00000| Untracked 
| 135|0x0000000749d00000, 0x0000000749d00000, 0x0000000749e00000|  0%| F|  |TAMS 0x0000000749d00000, 0x0000000749d00000| Untracked 
| 136|0x0000000749e00000, 0x0000000749e00000, 0x0000000749f00000|  0%| F|  |TAMS 0x0000000749e00000, 0x0000000749e00000| Untracked 
| 137|0x0000000749f00000, 0x0000000749f00000, 0x000000074a000000|  0%| F|  |TAMS 0x0000000749f00000, 0x0000000749f00000| Untracked 
| 138|0x000000074a000000, 0x000000074a000000, 0x000000074a100000|  0%| F|  |TAMS 0x000000074a000000, 0x000000074a000000| Untracked 
| 139|0x000000074a100000, 0x000000074a100000, 0x000000074a200000|  0%| F|  |TAMS 0x000000074a100000, 0x000000074a100000| Untracked 
| 140|0x000000074a200000, 0x000000074a200000, 0x000000074a300000|  0%| F|  |TAMS 0x000000074a200000, 0x000000074a200000| Untracked 
| 141|0x000000074a300000, 0x000000074a300000, 0x000000074a400000|  0%| F|  |TAMS 0x000000074a300000, 0x000000074a300000| Untracked 
| 142|0x000000074a400000, 0x000000074a400000, 0x000000074a500000|  0%| F|  |TAMS 0x000000074a400000, 0x000000074a400000| Untracked 
| 143|0x000000074a500000, 0x000000074a500000, 0x000000074a600000|  0%| F|  |TAMS 0x000000074a500000, 0x000000074a500000| Untracked 
| 144|0x000000074a600000, 0x000000074a600000, 0x000000074a700000|  0%| F|  |TAMS 0x000000074a600000, 0x000000074a600000| Untracked 
| 145|0x000000074a700000, 0x000000074a700000, 0x000000074a800000|  0%| F|  |TAMS 0x000000074a700000, 0x000000074a700000| Untracked 
| 146|0x000000074a800000, 0x000000074a800000, 0x000000074a900000|  0%| F|  |TAMS 0x000000074a800000, 0x000000074a800000| Untracked 
| 147|0x000000074a900000, 0x000000074a900000, 0x000000074aa00000|  0%| F|  |TAMS 0x000000074a900000, 0x000000074a900000| Untracked 
| 148|0x000000074aa00000, 0x000000074aa00000, 0x000000074ab00000|  0%| F|  |TAMS 0x000000074aa00000, 0x000000074aa00000| Untracked 
| 149|0x000000074ab00000, 0x000000074ab00000, 0x000000074ac00000|  0%| F|  |TAMS 0x000000074ab00000, 0x000000074ab00000| Untracked 
| 150|0x000000074ac00000, 0x000000074ac00000, 0x000000074ad00000|  0%| F|  |TAMS 0x000000074ac00000, 0x000000074ac00000| Untracked 
| 151|0x000000074ad00000, 0x000000074ad00000, 0x000000074ae00000|  0%| F|  |TAMS 0x000000074ad00000, 0x000000074ad00000| Untracked 
| 152|0x000000074ae00000, 0x000000074ae00000, 0x000000074af00000|  0%| F|  |TAMS 0x000000074ae00000, 0x000000074ae00000| Untracked 
| 153|0x000000074af00000, 0x000000074af00000, 0x000000074b000000|  0%| F|  |TAMS 0x000000074af00000, 0x000000074af00000| Untracked 
| 154|0x000000074b000000, 0x000000074b000000, 0x000000074b100000|  0%| F|  |TAMS 0x000000074b000000, 0x000000074b000000| Untracked 
| 155|0x000000074b100000, 0x000000074b100000, 0x000000074b200000|  0%| F|  |TAMS 0x000000074b100000, 0x000000074b100000| Untracked 
| 156|0x000000074b200000, 0x000000074b200000, 0x000000074b300000|  0%| F|  |TAMS 0x000000074b200000, 0x000000074b200000| Untracked 
| 157|0x000000074b300000, 0x000000074b300000, 0x000000074b400000|  0%| F|  |TAMS 0x000000074b300000, 0x000000074b300000| Untracked 
| 158|0x000000074b400000, 0x000000074b400000, 0x000000074b500000|  0%| F|  |TAMS 0x000000074b400000, 0x000000074b400000| Untracked 
| 159|0x000000074b500000, 0x000000074b500000, 0x000000074b600000|  0%| F|  |TAMS 0x000000074b500000, 0x000000074b500000| Untracked 
| 160|0x000000074b600000, 0x000000074b600000, 0x000000074b700000|  0%| F|  |TAMS 0x000000074b600000, 0x000000074b600000| Untracked 
| 161|0x000000074b700000, 0x000000074b700000, 0x000000074b800000|  0%| F|  |TAMS 0x000000074b700000, 0x000000074b700000| Untracked 
| 162|0x000000074b800000, 0x000000074b800000, 0x000000074b900000|  0%| F|  |TAMS 0x000000074b800000, 0x000000074b800000| Untracked 
| 163|0x000000074b900000, 0x000000074b900000, 0x000000074ba00000|  0%| F|  |TAMS 0x000000074b900000, 0x000000074b900000| Untracked 
| 164|0x000000074ba00000, 0x000000074ba00000, 0x000000074bb00000|  0%| F|  |TAMS 0x000000074ba00000, 0x000000074ba00000| Untracked 
| 165|0x000000074bb00000, 0x000000074bb00000, 0x000000074bc00000|  0%| F|  |TAMS 0x000000074bb00000, 0x000000074bb00000| Untracked 
| 166|0x000000074bc00000, 0x000000074bc00000, 0x000000074bd00000|  0%| F|  |TAMS 0x000000074bc00000, 0x000000074bc00000| Untracked 
| 167|0x000000074bd00000, 0x000000074bd00000, 0x000000074be00000|  0%| F|  |TAMS 0x000000074bd00000, 0x000000074bd00000| Untracked 
| 168|0x000000074be00000, 0x000000074be00000, 0x000000074bf00000|  0%| F|  |TAMS 0x000000074be00000, 0x000000074be00000| Untracked 
| 169|0x000000074bf00000, 0x000000074bf00000, 0x000000074c000000|  0%| F|  |TAMS 0x000000074bf00000, 0x000000074bf00000| Untracked 
| 170|0x000000074c000000, 0x000000074c000000, 0x000000074c100000|  0%| F|  |TAMS 0x000000074c000000, 0x000000074c000000| Untracked 
| 171|0x000000074c100000, 0x000000074c100000, 0x000000074c200000|  0%| F|  |TAMS 0x000000074c100000, 0x000000074c100000| Untracked 
| 172|0x000000074c200000, 0x000000074c200000, 0x000000074c300000|  0%| F|  |TAMS 0x000000074c200000, 0x000000074c200000| Untracked 
| 173|0x000000074c300000, 0x000000074c300000, 0x000000074c400000|  0%| F|  |TAMS 0x000000074c300000, 0x000000074c300000| Untracked 
| 174|0x000000074c400000, 0x000000074c400000, 0x000000074c500000|  0%| F|  |TAMS 0x000000074c400000, 0x000000074c400000| Untracked 
| 175|0x000000074c500000, 0x000000074c500000, 0x000000074c600000|  0%| F|  |TAMS 0x000000074c500000, 0x000000074c500000| Untracked 
| 176|0x000000074c600000, 0x000000074c600000, 0x000000074c700000|  0%| F|  |TAMS 0x000000074c600000, 0x000000074c600000| Untracked 
| 177|0x000000074c700000, 0x000000074c700000, 0x000000074c800000|  0%| F|  |TAMS 0x000000074c700000, 0x000000074c700000| Untracked 
| 178|0x000000074c800000, 0x000000074c800000, 0x000000074c900000|  0%| F|  |TAMS 0x000000074c800000, 0x000000074c800000| Untracked 
| 179|0x000000074c900000, 0x000000074c900000, 0x000000074ca00000|  0%| F|  |TAMS 0x000000074c900000, 0x000000074c900000| Untracked 
| 180|0x000000074ca00000, 0x000000074ca00000, 0x000000074cb00000|  0%| F|  |TAMS 0x000000074ca00000, 0x000000074ca00000| Untracked 
| 181|0x000000074cb00000, 0x000000074cb00000, 0x000000074cc00000|  0%| F|  |TAMS 0x000000074cb00000, 0x000000074cb00000| Untracked 
| 182|0x000000074cc00000, 0x000000074cc00000, 0x000000074cd00000|  0%| F|  |TAMS 0x000000074cc00000, 0x000000074cc00000| Untracked 
| 183|0x000000074cd00000, 0x000000074cd00000, 0x000000074ce00000|  0%| F|  |TAMS 0x000000074cd00000, 0x000000074cd00000| Untracked 
| 184|0x000000074ce00000, 0x000000074ce00000, 0x000000074cf00000|  0%| F|  |TAMS 0x000000074ce00000, 0x000000074ce00000| Untracked 
| 185|0x000000074cf00000, 0x000000074cf00000, 0x000000074d000000|  0%| F|  |TAMS 0x000000074cf00000, 0x000000074cf00000| Untracked 
| 186|0x000000074d000000, 0x000000074d000000, 0x000000074d100000|  0%| F|  |TAMS 0x000000074d000000, 0x000000074d000000| Untracked 
| 187|0x000000074d100000, 0x000000074d100000, 0x000000074d200000|  0%| F|  |TAMS 0x000000074d100000, 0x000000074d100000| Untracked 
| 188|0x000000074d200000, 0x000000074d200000, 0x000000074d300000|  0%| F|  |TAMS 0x000000074d200000, 0x000000074d200000| Untracked 
| 189|0x000000074d300000, 0x000000074d300000, 0x000000074d400000|  0%| F|  |TAMS 0x000000074d300000, 0x000000074d300000| Untracked 
| 190|0x000000074d400000, 0x000000074d400000, 0x000000074d500000|  0%| F|  |TAMS 0x000000074d400000, 0x000000074d400000| Untracked 
| 191|0x000000074d500000, 0x000000074d500000, 0x000000074d600000|  0%| F|  |TAMS 0x000000074d500000, 0x000000074d500000| Untracked 
| 192|0x000000074d600000, 0x000000074d600000, 0x000000074d700000|  0%| F|  |TAMS 0x000000074d600000, 0x000000074d600000| Untracked 
| 193|0x000000074d700000, 0x000000074d700000, 0x000000074d800000|  0%| F|  |TAMS 0x000000074d700000, 0x000000074d700000| Untracked 
| 194|0x000000074d800000, 0x000000074d800000, 0x000000074d900000|  0%| F|  |TAMS 0x000000074d800000, 0x000000074d800000| Untracked 
| 195|0x000000074d900000, 0x000000074d900000, 0x000000074da00000|  0%| F|  |TAMS 0x000000074d900000, 0x000000074d900000| Untracked 
| 196|0x000000074da00000, 0x000000074da00000, 0x000000074db00000|  0%| F|  |TAMS 0x000000074da00000, 0x000000074da00000| Untracked 
| 197|0x000000074db00000, 0x000000074db00000, 0x000000074dc00000|  0%| F|  |TAMS 0x000000074db00000, 0x000000074db00000| Untracked 
| 198|0x000000074dc00000, 0x000000074dc00000, 0x000000074dd00000|  0%| F|  |TAMS 0x000000074dc00000, 0x000000074dc00000| Untracked 
| 199|0x000000074dd00000, 0x000000074dd00000, 0x000000074de00000|  0%| F|  |TAMS 0x000000074dd00000, 0x000000074dd00000| Untracked 
| 200|0x000000074de00000, 0x000000074de00000, 0x000000074df00000|  0%| F|  |TAMS 0x000000074de00000, 0x000000074de00000| Untracked 
| 201|0x000000074df00000, 0x000000074df00000, 0x000000074e000000|  0%| F|  |TAMS 0x000000074df00000, 0x000000074df00000| Untracked 
| 202|0x000000074e000000, 0x000000074e000000, 0x000000074e100000|  0%| F|  |TAMS 0x000000074e000000, 0x000000074e000000| Untracked 
| 203|0x000000074e100000, 0x000000074e100000, 0x000000074e200000|  0%| F|  |TAMS 0x000000074e100000, 0x000000074e100000| Untracked 
| 204|0x000000074e200000, 0x000000074e200000, 0x000000074e300000|  0%| F|  |TAMS 0x000000074e200000, 0x000000074e200000| Untracked 
| 205|0x000000074e300000, 0x000000074e300000, 0x000000074e400000|  0%| F|  |TAMS 0x000000074e300000, 0x000000074e300000| Untracked 
| 206|0x000000074e400000, 0x000000074e400000, 0x000000074e500000|  0%| F|  |TAMS 0x000000074e400000, 0x000000074e400000| Untracked 
| 207|0x000000074e500000, 0x000000074e500000, 0x000000074e600000|  0%| F|  |TAMS 0x000000074e500000, 0x000000074e500000| Untracked 
| 208|0x000000074e600000, 0x000000074e600000, 0x000000074e700000|  0%| F|  |TAMS 0x000000074e600000, 0x000000074e600000| Untracked 
| 209|0x000000074e700000, 0x000000074e700000, 0x000000074e800000|  0%| F|  |TAMS 0x000000074e700000, 0x000000074e700000| Untracked 
| 210|0x000000074e800000, 0x000000074e800000, 0x000000074e900000|  0%| F|  |TAMS 0x000000074e800000, 0x000000074e800000| Untracked 
| 211|0x000000074e900000, 0x000000074e900000, 0x000000074ea00000|  0%| F|  |TAMS 0x000000074e900000, 0x000000074e900000| Untracked 
| 212|0x000000074ea00000, 0x000000074ea00000, 0x000000074eb00000|  0%| F|  |TAMS 0x000000074ea00000, 0x000000074ea00000| Untracked 
| 213|0x000000074eb00000, 0x000000074eb00000, 0x000000074ec00000|  0%| F|  |TAMS 0x000000074eb00000, 0x000000074eb00000| Untracked 
| 214|0x000000074ec00000, 0x000000074ec00000, 0x000000074ed00000|  0%| F|  |TAMS 0x000000074ec00000, 0x000000074ec00000| Untracked 
| 215|0x000000074ed00000, 0x000000074ed00000, 0x000000074ee00000|  0%| F|  |TAMS 0x000000074ed00000, 0x000000074ed00000| Untracked 
| 216|0x000000074ee00000, 0x000000074ee00000, 0x000000074ef00000|  0%| F|  |TAMS 0x000000074ee00000, 0x000000074ee00000| Untracked 
| 217|0x000000074ef00000, 0x000000074ef00000, 0x000000074f000000|  0%| F|  |TAMS 0x000000074ef00000, 0x000000074ef00000| Untracked 
| 218|0x000000074f000000, 0x000000074f000000, 0x000000074f100000|  0%| F|  |TAMS 0x000000074f000000, 0x000000074f000000| Untracked 
| 219|0x000000074f100000, 0x000000074f100000, 0x000000074f200000|  0%| F|  |TAMS 0x000000074f100000, 0x000000074f100000| Untracked 
| 220|0x000000074f200000, 0x000000074f200000, 0x000000074f300000|  0%| F|  |TAMS 0x000000074f200000, 0x000000074f200000| Untracked 
| 221|0x000000074f300000, 0x000000074f300000, 0x000000074f400000|  0%| F|  |TAMS 0x000000074f300000, 0x000000074f300000| Untracked 
| 222|0x000000074f400000, 0x000000074f400000, 0x000000074f500000|  0%| F|  |TAMS 0x000000074f400000, 0x000000074f400000| Untracked 
| 223|0x000000074f500000, 0x000000074f500000, 0x000000074f600000|  0%| F|  |TAMS 0x000000074f500000, 0x000000074f500000| Untracked 
| 224|0x000000074f600000, 0x000000074f600000, 0x000000074f700000|  0%| F|  |TAMS 0x000000074f600000, 0x000000074f600000| Untracked 
| 225|0x000000074f700000, 0x000000074f700000, 0x000000074f800000|  0%| F|  |TAMS 0x000000074f700000, 0x000000074f700000| Untracked 
| 226|0x000000074f800000, 0x000000074f800000, 0x000000074f900000|  0%| F|  |TAMS 0x000000074f800000, 0x000000074f800000| Untracked 
| 227|0x000000074f900000, 0x000000074f900000, 0x000000074fa00000|  0%| F|  |TAMS 0x000000074f900000, 0x000000074f900000| Untracked 
| 228|0x000000074fa00000, 0x000000074fa00000, 0x000000074fb00000|  0%| F|  |TAMS 0x000000074fa00000, 0x000000074fa00000| Untracked 
| 229|0x000000074fb00000, 0x000000074fb00000, 0x000000074fc00000|  0%| F|  |TAMS 0x000000074fb00000, 0x000000074fb00000| Untracked 
| 230|0x000000074fc00000, 0x000000074fc00000, 0x000000074fd00000|  0%| F|  |TAMS 0x000000074fc00000, 0x000000074fc00000| Untracked 
| 231|0x000000074fd00000, 0x000000074fd00000, 0x000000074fe00000|  0%| F|  |TAMS 0x000000074fd00000, 0x000000074fd00000| Untracked 
| 232|0x000000074fe00000, 0x000000074fe00000, 0x000000074ff00000|  0%| F|  |TAMS 0x000000074fe00000, 0x000000074fe00000| Untracked 
| 233|0x000000074ff00000, 0x000000074ff00000, 0x0000000750000000|  0%| F|  |TAMS 0x000000074ff00000, 0x000000074ff00000| Untracked 
| 234|0x0000000750000000, 0x0000000750000000, 0x0000000750100000|  0%| F|  |TAMS 0x0000000750000000, 0x0000000750000000| Untracked 
| 235|0x0000000750100000, 0x0000000750100000, 0x0000000750200000|  0%| F|  |TAMS 0x0000000750100000, 0x0000000750100000| Untracked 
| 236|0x0000000750200000, 0x0000000750200000, 0x0000000750300000|  0%| F|  |TAMS 0x0000000750200000, 0x0000000750200000| Untracked 
| 237|0x0000000750300000, 0x0000000750300000, 0x0000000750400000|  0%| F|  |TAMS 0x0000000750300000, 0x0000000750300000| Untracked 
| 238|0x0000000750400000, 0x0000000750480800, 0x0000000750500000| 50%| E|  |TAMS 0x0000000750400000, 0x0000000750400000| Complete 
| 239|0x0000000750500000, 0x0000000750600000, 0x0000000750600000|100%| E|CS|TAMS 0x0000000750500000, 0x0000000750500000| Complete 
| 240|0x0000000750600000, 0x0000000750700000, 0x0000000750700000|100%| E|CS|TAMS 0x0000000750600000, 0x0000000750600000| Complete 
| 241|0x0000000750700000, 0x0000000750800000, 0x0000000750800000|100%| E|CS|TAMS 0x0000000750700000, 0x0000000750700000| Complete 
| 242|0x0000000750800000, 0x0000000750900000, 0x0000000750900000|100%| E|CS|TAMS 0x0000000750800000, 0x0000000750800000| Complete 
| 243|0x0000000750900000, 0x0000000750a00000, 0x0000000750a00000|100%| E|CS|TAMS 0x0000000750900000, 0x0000000750900000| Complete 
| 244|0x0000000750a00000, 0x0000000750b00000, 0x0000000750b00000|100%| E|CS|TAMS 0x0000000750a00000, 0x0000000750a00000| Complete 
| 245|0x0000000750b00000, 0x0000000750c00000, 0x0000000750c00000|100%| E|CS|TAMS 0x0000000750b00000, 0x0000000750b00000| Complete 
| 246|0x0000000750c00000, 0x0000000750d00000, 0x0000000750d00000|100%| E|CS|TAMS 0x0000000750c00000, 0x0000000750c00000| Complete 
| 247|0x0000000750d00000, 0x0000000750e00000, 0x0000000750e00000|100%| E|CS|TAMS 0x0000000750d00000, 0x0000000750d00000| Complete 
| 248|0x0000000750e00000, 0x0000000750f00000, 0x0000000750f00000|100%| E|CS|TAMS 0x0000000750e00000, 0x0000000750e00000| Complete 
| 249|0x0000000750f00000, 0x0000000751000000, 0x0000000751000000|100%| E|CS|TAMS 0x0000000750f00000, 0x0000000750f00000| Complete 
| 250|0x0000000751000000, 0x0000000751100000, 0x0000000751100000|100%| E|CS|TAMS 0x0000000751000000, 0x0000000751000000| Complete 
| 251|0x0000000751100000, 0x0000000751200000, 0x0000000751200000|100%| E|CS|TAMS 0x0000000751100000, 0x0000000751100000| Complete 
| 252|0x0000000751200000, 0x0000000751300000, 0x0000000751300000|100%| E|CS|TAMS 0x0000000751200000, 0x0000000751200000| Complete 
| 253|0x0000000751300000, 0x0000000751400000, 0x0000000751400000|100%| E|CS|TAMS 0x0000000751300000, 0x0000000751300000| Complete 
| 254|0x0000000751400000, 0x0000000751500000, 0x0000000751500000|100%| E|CS|TAMS 0x0000000751400000, 0x0000000751400000| Complete 
| 255|0x0000000751500000, 0x0000000751600000, 0x0000000751600000|100%| E|CS|TAMS 0x0000000751500000, 0x0000000751500000| Complete 
| 256|0x0000000751600000, 0x0000000751700000, 0x0000000751700000|100%| E|CS|TAMS 0x0000000751600000, 0x0000000751600000| Complete 
| 257|0x0000000751700000, 0x0000000751800000, 0x0000000751800000|100%| E|CS|TAMS 0x0000000751700000, 0x0000000751700000| Complete 
| 258|0x0000000751800000, 0x0000000751900000, 0x0000000751900000|100%| E|CS|TAMS 0x0000000751800000, 0x0000000751800000| Complete 
| 259|0x0000000751900000, 0x0000000751a00000, 0x0000000751a00000|100%| E|CS|TAMS 0x0000000751900000, 0x0000000751900000| Complete 
| 260|0x0000000751a00000, 0x0000000751b00000, 0x0000000751b00000|100%| E|CS|TAMS 0x0000000751a00000, 0x0000000751a00000| Complete 
| 261|0x0000000751b00000, 0x0000000751c00000, 0x0000000751c00000|100%| E|CS|TAMS 0x0000000751b00000, 0x0000000751b00000| Complete 
| 262|0x0000000751c00000, 0x0000000751d00000, 0x0000000751d00000|100%| E|CS|TAMS 0x0000000751c00000, 0x0000000751c00000| Complete 
| 263|0x0000000751d00000, 0x0000000751e00000, 0x0000000751e00000|100%| E|CS|TAMS 0x0000000751d00000, 0x0000000751d00000| Complete 
| 264|0x0000000751e00000, 0x0000000751f00000, 0x0000000751f00000|100%| E|CS|TAMS 0x0000000751e00000, 0x0000000751e00000| Complete 
| 265|0x0000000751f00000, 0x0000000752000000, 0x0000000752000000|100%| E|CS|TAMS 0x0000000751f00000, 0x0000000751f00000| Complete 
| 266|0x0000000752000000, 0x0000000752100000, 0x0000000752100000|100%| E|CS|TAMS 0x0000000752000000, 0x0000000752000000| Complete 
| 267|0x0000000752100000, 0x0000000752200000, 0x0000000752200000|100%| E|CS|TAMS 0x0000000752100000, 0x0000000752100000| Complete 
| 268|0x0000000752200000, 0x0000000752300000, 0x0000000752300000|100%| E|CS|TAMS 0x0000000752200000, 0x0000000752200000| Complete 
| 269|0x0000000752300000, 0x0000000752400000, 0x0000000752400000|100%| E|CS|TAMS 0x0000000752300000, 0x0000000752300000| Complete 
| 270|0x0000000752400000, 0x0000000752500000, 0x0000000752500000|100%| E|CS|TAMS 0x0000000752400000, 0x0000000752400000| Complete 
| 271|0x0000000752500000, 0x0000000752600000, 0x0000000752600000|100%| E|CS|TAMS 0x0000000752500000, 0x0000000752500000| Complete 
| 272|0x0000000752600000, 0x0000000752700000, 0x0000000752700000|100%| E|CS|TAMS 0x0000000752600000, 0x0000000752600000| Complete 
| 273|0x0000000752700000, 0x0000000752800000, 0x0000000752800000|100%| E|CS|TAMS 0x0000000752700000, 0x0000000752700000| Complete 
| 274|0x0000000752800000, 0x0000000752900000, 0x0000000752900000|100%| E|CS|TAMS 0x0000000752800000, 0x0000000752800000| Complete 
| 275|0x0000000752900000, 0x0000000752a00000, 0x0000000752a00000|100%| E|CS|TAMS 0x0000000752900000, 0x0000000752900000| Complete 
| 276|0x0000000752a00000, 0x0000000752b00000, 0x0000000752b00000|100%| E|CS|TAMS 0x0000000752a00000, 0x0000000752a00000| Complete 
| 277|0x0000000752b00000, 0x0000000752c00000, 0x0000000752c00000|100%| E|CS|TAMS 0x0000000752b00000, 0x0000000752b00000| Complete 

Card table byte_map: [0x000001f33ffc0000,0x000001f3405c0000] _byte_map_base: 0x000001f33c5b5000

Marking Bits (Prev, Next): (CMBitMap*) 0x000001f327f86d40, (CMBitMap*) 0x000001f327f86d08
 Prev Bits: [0x000001f343b70000, 0x000001f346b18000)
 Next Bits: [0x000001f340bc0000, 0x000001f343b68000)

Polling page: 0x000001f325d70000

Metaspace:

Usage:
  Non-class:     60.26 MB capacity,    59.75 MB (>99%) used,   394.82 KB ( <1%) free+waste,   124.00 KB ( <1%) overhead. 
      Class:      7.79 MB capacity,     7.44 MB ( 95%) used,   309.32 KB (  4%) free+waste,    53.69 KB ( <1%) overhead. 
       Both:     68.05 MB capacity,    67.19 MB ( 99%) used,   704.14 KB (  1%) free+waste,   177.69 KB ( <1%) overhead. 

Virtual space:
  Non-class space:       62.00 MB reserved,      60.34 MB ( 97%) committed 
      Class space:        1.00 GB reserved,       7.88 MB ( <1%) committed 
             Both:        1.06 GB reserved,      68.21 MB (  6%) committed 

Chunk freelists:
   Non-Class:  17.00 KB
       Class:  19.00 KB
        Both:  36.00 KB

MaxMetaspaceSize: 17179869184.00 GB
CompressedClassSpaceSize: 1.00 GB
Initial GC threshold: 20.80 MB
Current GC threshold: 98.90 MB
CDS: off

CodeHeap 'non-profiled nmethods': size=120000Kb used=5796Kb max_used=5796Kb free=114203Kb
 bounds [0x000001f338160000, 0x000001f338710000, 0x000001f33f690000]
CodeHeap 'profiled nmethods': size=120000Kb used=30865Kb max_used=30865Kb free=89135Kb
 bounds [0x000001f330c30000, 0x000001f332a60000, 0x000001f338160000]
CodeHeap 'non-nmethods': size=5760Kb used=1305Kb max_used=1355Kb free=4454Kb
 bounds [0x000001f330690000, 0x000001f330900000, 0x000001f330c30000]
 total_blobs=11471 nmethods=10881 adapters=500
 compilation: enabled
              stopped_count=0, restarted_count=0
 full_count=0

Compilation events (20 events):
Event: 16.261 Thread 0x000001f349ec0000 nmethod 11087 0x000001f332a45890 code [0x000001f332a45a40, 0x000001f332a45bf8]
Event: 16.261 Thread 0x000001f349ec0000 11088       2       javaslang.collection.Iterator::of (9 bytes)
Event: 16.261 Thread 0x000001f349ec0000 nmethod 11088 0x000001f332a45c90 code [0x000001f332a45e40, 0x000001f332a45fd8]
Event: 16.269 Thread 0x000001f349ec0000 11089       2       org.jetbrains.kotlin.resolve.scopes.LexicalWritableScope::getContextReceiversGroup (4 bytes)
Event: 16.269 Thread 0x000001f349ec0000 nmethod 11089 0x000001f332a46090 code [0x000001f332a46240, 0x000001f332a46338]
Event: 16.269 Thread 0x000001f349ec0000 11090       2       org.jetbrains.kotlin.resolve.calls.checkers.DslScopeViolationCallChecker$checkCallImplicitReceiver$receiversUntilOneFromTheCall$2::invoke (9 bytes)
Event: 16.270 Thread 0x000001f349ec0000 nmethod 11090 0x000001f332a46410 code [0x000001f332a46620, 0x000001f332a46948]
Event: 16.270 Thread 0x000001f349ec0000 11092       2       org.jetbrains.kotlin.contracts.EffectsExtractingVisitor::visitKtElement (10 bytes)
Event: 16.270 Thread 0x000001f349ec0000 nmethod 11092 0x000001f332a46b90 code [0x000001f332a46d40, 0x000001f332a46e88]
Event: 16.270 Thread 0x000001f349ec0000 11093       2       org.jetbrains.kotlin.contracts.EffectsExtractingVisitor::visitKtElement (277 bytes)
Event: 16.276 Thread 0x000001f349ec0000 nmethod 11093 0x000001f332a46f90 code [0x000001f332a476e0, 0x000001f332a49ed8]
Event: 16.276 Thread 0x000001f349ec0000 11094       2       org.jetbrains.kotlin.resolve.lazy.descriptors.LazyClassDescriptor::getStaticScope (14 bytes)
Event: 16.277 Thread 0x000001f349ec0000 nmethod 11094 0x000001f332a4b490 code [0x000001f332a4b640, 0x000001f332a4b768]
Event: 16.277 Thread 0x000001f349ec0000 11091       2       org.jetbrains.kotlin.resolve.calls.checkers.DslScopeViolationCallChecker$checkCallImplicitReceiver$receiversUntilOneFromTheCall$2::invoke (13 bytes)
Event: 16.277 Thread 0x000001f349ec0000 nmethod 11091 0x000001f332a4b810 code [0x000001f332a4ba00, 0x000001f332a4bcc8]
Event: 16.279 Thread 0x000001f349ec0000 11095       1       org.jetbrains.kotlin.types.expressions.DataFlowAnalyzer::access$000 (5 bytes)
Event: 16.279 Thread 0x000001f349ec0000 nmethod 11095 0x000001f338708d90 code [0x000001f338708f40, 0x000001f338708fd8]
Event: 16.285 Thread 0x000001f349ec0000 11096       2       org.jetbrains.kotlin.builtins.FunctionTypesKt::isFunctionOrKFunctionTypeWithAnySuspendability (40 bytes)
Event: 16.286 Thread 0x000001f349ec0000 nmethod 11096 0x000001f332a4be90 code [0x000001f332a4c0a0, 0x000001f332a4c3d8]
Event: 16.296 Thread 0x000001f349ec0000 11097       2       org.jetbrains.kotlin.resolve.calls.inference.components.ConstraintInjector::shouldWeSkipConstraint (108 bytes)

GC Heap History (20 events):
Event: 0.688 GC heap before
{Heap before GC invocations=0 (full 0):
 garbage-first heap   total 196608K, used 27648K [0x0000000741600000, 0x0000000800000000)
  region size 1024K, 24 young (24576K), 0 survivors (0K)
 Metaspace       used 12387K, capacity 12504K, committed 12800K, reserved 1060864K
  class space    used 1150K, capacity 1207K, committed 1280K, reserved 1048576K
}
Event: 0.692 GC heap after
{Heap after GC invocations=1 (full 0):
 garbage-first heap   total 196608K, used 6064K [0x0000000741600000, 0x0000000800000000)
  region size 1024K, 3 young (3072K), 3 survivors (3072K)
 Metaspace       used 12387K, capacity 12504K, committed 12800K, reserved 1060864K
  class space    used 1150K, capacity 1207K, committed 1280K, reserved 1048576K
}
Event: 1.596 GC heap before
{Heap before GC invocations=1 (full 0):
 garbage-first heap   total 196608K, used 41904K [0x0000000741600000, 0x0000000800000000)
  region size 1024K, 39 young (39936K), 3 survivors (3072K)
 Metaspace       used 21002K, capacity 21182K, committed 21248K, reserved 1069056K
  class space    used 2214K, capacity 2280K, committed 2304K, reserved 1048576K
}
Event: 1.620 GC heap after
{Heap after GC invocations=2 (full 0):
 garbage-first heap   total 196608K, used 9438K [0x0000000741600000, 0x0000000800000000)
  region size 1024K, 7 young (7168K), 7 survivors (7168K)
 Metaspace       used 21002K, capacity 21182K, committed 21248K, reserved 1069056K
  class space    used 2214K, capacity 2280K, committed 2304K, reserved 1048576K
}
Event: 2.758 GC heap before
{Heap before GC invocations=3 (full 0):
 garbage-first heap   total 196608K, used 63710K [0x0000000741600000, 0x0000000800000000)
  region size 1024K, 55 young (56320K), 7 survivors (7168K)
 Metaspace       used 32252K, capacity 32671K, committed 32892K, reserved 1077248K
  class space    used 3999K, capacity 4182K, committed 4224K, reserved 1048576K
}
Event: 2.778 GC heap after
{Heap after GC invocations=4 (full 0):
 garbage-first heap   total 196608K, used 20663K [0x0000000741600000, 0x0000000800000000)
  region size 1024K, 7 young (7168K), 7 survivors (7168K)
 Metaspace       used 32252K, capacity 32671K, committed 32892K, reserved 1077248K
  class space    used 3999K, capacity 4182K, committed 4224K, reserved 1048576K
}
Event: 3.088 GC heap before
{Heap before GC invocations=4 (full 0):
 garbage-first heap   total 196608K, used 31927K [0x0000000741600000, 0x0000000800000000)
  region size 1024K, 18 young (18432K), 7 survivors (7168K)
 Metaspace       used 34850K, capacity 35338K, committed 35452K, reserved 1081344K
  class space    used 4285K, capacity 4474K, committed 4480K, reserved 1048576K
}
Event: 3.099 GC heap after
{Heap after GC invocations=5 (full 0):
 garbage-first heap   total 196608K, used 22552K [0x0000000741600000, 0x0000000800000000)
  region size 1024K, 2 young (2048K), 2 survivors (2048K)
 Metaspace       used 34850K, capacity 35338K, committed 35452K, reserved 1081344K
  class space    used 4285K, capacity 4474K, committed 4480K, reserved 1048576K
}
Event: 3.167 GC heap before
{Heap before GC invocations=5 (full 0):
 garbage-first heap   total 196608K, used 25624K [0x0000000741600000, 0x0000000800000000)
  region size 1024K, 6 young (6144K), 2 survivors (2048K)
 Metaspace       used 35436K, capacity 35850K, committed 36048K, reserved 1081344K
  class space    used 4349K, capacity 4538K, committed 4608K, reserved 1048576K
}
Event: 3.170 GC heap after
{Heap after GC invocations=6 (full 0):
 garbage-first heap   total 236544K, used 20574K [0x0000000741600000, 0x0000000800000000)
  region size 1024K, 2 young (2048K), 2 survivors (2048K)
 Metaspace       used 35436K, capacity 35850K, committed 36048K, reserved 1081344K
  class space    used 4349K, capacity 4538K, committed 4608K, reserved 1048576K
}
Event: 5.481 GC heap before
{Heap before GC invocations=7 (full 0):
 garbage-first heap   total 236544K, used 101470K [0x0000000741600000, 0x0000000800000000)
  region size 1024K, 78 young (79872K), 2 survivors (2048K)
 Metaspace       used 49719K, capacity 50256K, committed 50512K, reserved 1093632K
  class space    used 5767K, capacity 5996K, committed 6016K, reserved 1048576K
}
Event: 5.497 GC heap after
{Heap after GC invocations=8 (full 0):
 garbage-first heap   total 236544K, used 32763K [0x0000000741600000, 0x0000000800000000)
  region size 1024K, 10 young (10240K), 10 survivors (10240K)
 Metaspace       used 49719K, capacity 50256K, committed 50512K, reserved 1093632K
  class space    used 5767K, capacity 5996K, committed 6016K, reserved 1048576K
}
Event: 8.766 GC heap before
{Heap before GC invocations=8 (full 0):
 garbage-first heap   total 236544K, used 124923K [0x0000000741600000, 0x0000000800000000)
  region size 1024K, 100 young (102400K), 10 survivors (10240K)
 Metaspace       used 59585K, capacity 60328K, committed 60368K, reserved 1101824K
  class space    used 6809K, capacity 7136K, committed 7168K, reserved 1048576K
}
Event: 8.789 GC heap after
{Heap after GC invocations=9 (full 0):
 garbage-first heap   total 236544K, used 44553K [0x0000000741600000, 0x0000000800000000)
  region size 1024K, 12 young (12288K), 12 survivors (12288K)
 Metaspace       used 59585K, capacity 60328K, committed 60368K, reserved 1101824K
  class space    used 6809K, capacity 7136K, committed 7168K, reserved 1048576K
}
Event: 8.934 GC heap before
{Heap before GC invocations=9 (full 0):
 garbage-first heap   total 236544K, used 51721K [0x0000000741600000, 0x0000000800000000)
  region size 1024K, 20 young (20480K), 12 survivors (12288K)
 Metaspace       used 59660K, capacity 60456K, committed 60508K, reserved 1103872K
  class space    used 6809K, capacity 7136K, committed 7168K, reserved 1048576K
}
Event: 8.950 GC heap after
{Heap after GC invocations=10 (full 0):
 garbage-first heap   total 236544K, used 46870K [0x0000000741600000, 0x0000000800000000)
  region size 1024K, 3 young (3072K), 3 survivors (3072K)
 Metaspace       used 59660K, capacity 60456K, committed 60508K, reserved 1103872K
  class space    used 6809K, capacity 7136K, committed 7168K, reserved 1048576K
}
Event: 10.521 GC heap before
{Heap before GC invocations=11 (full 0):
 garbage-first heap   total 236544K, used 146198K [0x0000000741600000, 0x0000000800000000)
  region size 1024K, 100 young (102400K), 3 survivors (3072K)
 Metaspace       used 61404K, capacity 62226K, committed 62556K, reserved 1103872K
  class space    used 6998K, capacity 7342K, committed 7424K, reserved 1048576K
}
Event: 10.545 GC heap after
{Heap after GC invocations=12 (full 0):
 garbage-first heap   total 236544K, used 61196K [0x0000000741600000, 0x0000000800000000)
  region size 1024K, 13 young (13312K), 13 survivors (13312K)
 Metaspace       used 61404K, capacity 62226K, committed 62556K, reserved 1103872K
  class space    used 6998K, capacity 7342K, committed 7424K, reserved 1048576K
}
Event: 13.012 GC heap before
{Heap before GC invocations=12 (full 0):
 garbage-first heap   total 236544K, used 162572K [0x0000000741600000, 0x0000000800000000)
  region size 1024K, 111 young (113664K), 13 survivors (13312K)
 Metaspace       used 67115K, capacity 67973K, committed 68188K, reserved 1110016K
  class space    used 7499K, capacity 7843K, committed 7936K, reserved 1048576K
}
Event: 13.043 GC heap after
{Heap after GC invocations=13 (full 0):
 garbage-first heap   total 284672K, used 69632K [0x0000000741600000, 0x0000000800000000)
  region size 1024K, 8 young (8192K), 8 survivors (8192K)
 Metaspace       used 67115K, capacity 67973K, committed 68188K, reserved 1110016K
  class space    used 7499K, capacity 7843K, committed 7936K, reserved 1048576K
}

Deoptimization events (20 events):
Event: 15.908 Thread 0x000001f327f35000 Uncommon trap: trap_request=0xffffffde fr.pc=0x000001f3384dd070 relative=0x0000000000000690
Event: 15.908 Thread 0x000001f327f35000 Uncommon trap: reason=class_check action=maybe_recompile pc=0x000001f3384dd070 method=kotlin.collections.CollectionsKt__MutableCollectionsKt.addAll(Ljava/util/Collection;Ljava/lang/Iterable;)Z @ 49 c2
Event: 15.908 Thread 0x000001f327f35000 DEOPT PACKING pc=0x000001f3384dd070 sp=0x00000083f20fcd40
Event: 15.908 Thread 0x000001f327f35000 DEOPT UNPACKING pc=0x000001f3306da1af sp=0x00000083f20fcd48 mode 2
Event: 15.908 Thread 0x000001f327f35000 Uncommon trap: trap_request=0xffffffde fr.pc=0x000001f3384dd070 relative=0x0000000000000690
Event: 15.908 Thread 0x000001f327f35000 Uncommon trap: reason=class_check action=maybe_recompile pc=0x000001f3384dd070 method=kotlin.collections.CollectionsKt__MutableCollectionsKt.addAll(Ljava/util/Collection;Ljava/lang/Iterable;)Z @ 49 c2
Event: 15.908 Thread 0x000001f327f35000 DEOPT PACKING pc=0x000001f3384dd070 sp=0x00000083f20fcd40
Event: 15.908 Thread 0x000001f327f35000 DEOPT UNPACKING pc=0x000001f3306da1af sp=0x00000083f20fcd48 mode 2
Event: 16.059 Thread 0x000001f327f35000 Uncommon trap: trap_request=0xffffff4d fr.pc=0x000001f3385ff438 relative=0x0000000000001698
Event: 16.059 Thread 0x000001f327f35000 Uncommon trap: reason=unstable_if action=reinterpret pc=0x000001f3385ff438 method=org.jetbrains.kotlin.types.TypeSubstitutionKt.replace(Lorg/jetbrains/kotlin/types/KotlinType;Ljava/util/List;Lorg/jetbrains/kotlin/descriptors/annotations/Annotations;Ljava/
Event: 16.060 Thread 0x000001f327f35000 DEOPT PACKING pc=0x000001f3385ff438 sp=0x00000083f20f77b0
Event: 16.060 Thread 0x000001f327f35000 DEOPT UNPACKING pc=0x000001f3306da1af sp=0x00000083f20f77b8 mode 2
Event: 16.064 Thread 0x000001f327f35000 Uncommon trap: trap_request=0xffffffde fr.pc=0x000001f3384dd070 relative=0x0000000000000690
Event: 16.064 Thread 0x000001f327f35000 Uncommon trap: reason=class_check action=maybe_recompile pc=0x000001f3384dd070 method=kotlin.collections.CollectionsKt__MutableCollectionsKt.addAll(Ljava/util/Collection;Ljava/lang/Iterable;)Z @ 49 c2
Event: 16.064 Thread 0x000001f327f35000 DEOPT PACKING pc=0x000001f3384dd070 sp=0x00000083f20f9b10
Event: 16.064 Thread 0x000001f327f35000 DEOPT UNPACKING pc=0x000001f3306da1af sp=0x00000083f20f9b18 mode 2
Event: 16.196 Thread 0x000001f327f35000 Uncommon trap: trap_request=0xffffff7e fr.pc=0x000001f338557a9c relative=0x00000000000008fc
Event: 16.196 Thread 0x000001f327f35000 Uncommon trap: reason=predicate action=maybe_recompile pc=0x000001f338557a9c method=kotlin.collections.CollectionsKt___CollectionsKt.filter(Ljava/lang/Iterable;Lkotlin/jvm/functions/Function1;)Ljava/util/List; @ 46 c2
Event: 16.196 Thread 0x000001f327f35000 DEOPT PACKING pc=0x000001f338557a9c sp=0x00000083f20f5ad0
Event: 16.196 Thread 0x000001f327f35000 DEOPT UNPACKING pc=0x000001f3306da1af sp=0x00000083f20f5ac0 mode 2

Classes redefined (0 events):
No events

Internal exceptions (20 events):
Event: 10.556 Thread 0x000001f327f35000 Implicit null exception at 0x000001f33839b0a4 to 0x000001f33839c344
Event: 10.556 Thread 0x000001f327f35000 Implicit null exception at 0x000001f33839b0a4 to 0x000001f33839c344
Event: 10.556 Thread 0x000001f327f35000 Implicit null exception at 0x000001f33839b0a4 to 0x000001f33839c344
Event: 10.556 Thread 0x000001f327f35000 Implicit null exception at 0x000001f33839b0a4 to 0x000001f33839c344
Event: 10.556 Thread 0x000001f327f35000 Implicit null exception at 0x000001f33839b0a4 to 0x000001f33839c344
Event: 10.556 Thread 0x000001f327f35000 Implicit null exception at 0x000001f33839b0a4 to 0x000001f33839c344
Event: 10.556 Thread 0x000001f327f35000 Implicit null exception at 0x000001f3383a7164 to 0x000001f3383ac2ac
Event: 10.556 Thread 0x000001f327f35000 Implicit null exception at 0x000001f3383909c5 to 0x000001f338394e4c
Event: 10.561 Thread 0x000001f327f35000 Implicit null exception at 0x000001f33838f3e2 to 0x000001f33838f6d3
Event: 10.864 Thread 0x000001f327f35000 Exception <a 'java/lang/NoSuchMethodError'{0x000000074d109978}: 'java.lang.Object java.lang.invoke.Invokers$Holder.linkToTargetMethod(java.lang.Object, java.lang.Object, java.lang.Object, java.lang.Object, java.lang.Object, java.lang.Object, java.lang.Object)'> (0x000000074d109978) thrown at [./src/hotspot/share/interpreter/linkResolver.cpp, line 773]
Event: 11.104 Thread 0x000001f327f35000 Exception <a 'java/lang/NoSuchMethodError'{0x000000074c83cad0}: 'java.lang.Object java.lang.invoke.Invokers$Holder.linkToTargetMethod(java.lang.Object, java.lang.Object, java.lang.Object, int, int, java.lang.Object)'> (0x000000074c83cad0) thrown at [./src/hotspot/share/interpreter/linkResolver.cpp, line 773]
Event: 11.538 Thread 0x000001f327f35000 Implicit null exception at 0x000001f3381bb3f5 to 0x000001f3381bb5d8
Event: 11.564 Thread 0x000001f327f35000 Exception <a 'java/lang/NoSuchMethodError'{0x000000074bfe2de8}: 'int java.lang.invoke.DirectMethodHandle$Holder.invokeStaticInit(java.lang.Object, int)'> (0x000000074bfe2de8) thrown at [./src/hotspot/share/interpreter/linkResolver.cpp, line 773]
Event: 11.619 Thread 0x000001f327f35000 Exception <a 'java/lang/NoSuchMethodError'{0x000000074bebc0a8}: 'java.lang.Object java.lang.invoke.DirectMethodHandle$Holder.invokeInterface(java.lang.Object, java.lang.Object, java.lang.Object)'> (0x000000074bebc0a8) thrown at [./src/hotspot/share/interpreter/linkResolver.cpp, line 773]
Event: 11.619 Thread 0x000001f327f35000 Exception <a 'java/lang/IncompatibleClassChangeError'{0x000000074bebf580}: Found class java.lang.Object, but interface was expected> (0x000000074bebf580) thrown at [./src/hotspot/share/interpreter/linkResolver.cpp, line 839]
Event: 11.637 Thread 0x000001f327f35000 Implicit null exception at 0x000001f3381bcf78 to 0x000001f3381bd00a
Event: 12.072 Thread 0x000001f327f35000 Implicit null exception at 0x000001f33817e4f7 to 0x000001f33817ea14
Event: 12.101 Thread 0x000001f327f35000 Implicit null exception at 0x000001f33817b674 to 0x000001f33817bb64
Event: 15.302 Thread 0x000001f327f35000 Implicit null exception at 0x000001f338664ef6 to 0x000001f338665250
Event: 15.303 Thread 0x000001f327f35000 Implicit null exception at 0x000001f33849c47b to 0x000001f33849c750

Events (20 events):
Event: 16.010 loading class org/jetbrains/kotlin/resolve/calls/tower/MemberScopeTowerLevel$collectMembers$4
Event: 16.010 loading class org/jetbrains/kotlin/resolve/calls/tower/MemberScopeTowerLevel$collectMembers$4 done
Event: 16.022 Executing VM operation: ICBufferFull
Event: 16.022 Executing VM operation: ICBufferFull done
Event: 16.218 loading class org/jetbrains/kotlin/resolve/TypeResolver$TracingTypeAliasExpansionReportStrategy
Event: 16.218 loading class org/jetbrains/kotlin/resolve/TypeResolver$TracingTypeAliasExpansionReportStrategy done
Event: 16.218 loading class org/jetbrains/kotlin/types/TypeAliasExpansionReportStrategy
Event: 16.218 loading class org/jetbrains/kotlin/types/TypeAliasExpansionReportStrategy done
Event: 16.220 loading class org/jetbrains/kotlin/types/TypeAliasExpansion
Event: 16.220 loading class org/jetbrains/kotlin/types/TypeAliasExpansion done
Event: 16.221 loading class org/jetbrains/kotlin/types/TypeAliasExpansion$Companion
Event: 16.221 loading class org/jetbrains/kotlin/types/TypeAliasExpansion$Companion done
Event: 16.222 loading class org/jetbrains/kotlin/types/TypeAliasExpander
Event: 16.222 loading class org/jetbrains/kotlin/types/TypeAliasExpander done
Event: 16.224 loading class org/jetbrains/kotlin/types/TypeAliasExpander$Companion
Event: 16.224 loading class org/jetbrains/kotlin/types/TypeAliasExpander$Companion done
Event: 16.225 loading class org/jetbrains/kotlin/types/TypeAliasExpansionReportStrategy$DO_NOTHING
Event: 16.225 loading class org/jetbrains/kotlin/types/TypeAliasExpansionReportStrategy$DO_NOTHING done
Event: 16.225 loading class org/jetbrains/kotlin/types/typeUtil/TypeUtilsKt$requiresTypeAliasExpansion$1
Event: 16.225 loading class org/jetbrains/kotlin/types/typeUtil/TypeUtilsKt$requiresTypeAliasExpansion$1 done


Dynamic libraries:
0x00007ff659740000 - 0x00007ff65974d000 	C:\Program Files\OpenJDK\openjdk-11.0.16_8\bin\java.exe
0x00007ffe35ac0000 - 0x00007ffe35cc9000 	C:\Windows\SYSTEM32\ntdll.dll
0x00007ffe34e00000 - 0x00007ffe34ebd000 	C:\Windows\System32\KERNEL32.DLL
0x00007ffe330c0000 - 0x00007ffe33439000 	C:\Windows\System32\KERNELBASE.dll
0x00007ffe32fa0000 - 0x00007ffe330b1000 	C:\Windows\System32\ucrtbase.dll
0x00007ffe24000000 - 0x00007ffe24015000 	C:\Program Files\OpenJDK\openjdk-11.0.16_8\bin\VCRUNTIME140.dll
0x00007ffe23fe0000 - 0x00007ffe23ff7000 	C:\Program Files\OpenJDK\openjdk-11.0.16_8\bin\jli.dll
0x00007ffe34c50000 - 0x00007ffe34dfc000 	C:\Windows\System32\USER32.dll
0x00007ffe1bd30000 - 0x00007ffe1bfd5000 	C:\Windows\WinSxS\amd64_microsoft.windows.common-controls_6595b64144ccf1df_6.0.22000.120_none_9d947278b86cc467\COMCTL32.dll
0x00007ffe334b0000 - 0x00007ffe334d6000 	C:\Windows\System32\win32u.dll
0x00007ffe356e0000 - 0x00007ffe35783000 	C:\Windows\System32\msvcrt.dll
0x00007ffe34970000 - 0x00007ffe34999000 	C:\Windows\System32\GDI32.dll
0x00007ffe33560000 - 0x00007ffe33672000 	C:\Windows\System32\gdi32full.dll
0x00007ffe33680000 - 0x00007ffe3371d000 	C:\Windows\System32\msvcp_win.dll
0x00007ffe35960000 - 0x00007ffe35991000 	C:\Windows\System32\IMM32.DLL
0x00007ffde12b0000 - 0x00007ffde134b000 	C:\Program Files\OpenJDK\openjdk-11.0.16_8\bin\msvcp140.dll
0x00007ffdc48e0000 - 0x00007ffdc53ee000 	C:\Program Files\OpenJDK\openjdk-11.0.16_8\bin\server\jvm.dll
0x00007ffe357b0000 - 0x00007ffe3585e000 	C:\Windows\System32\ADVAPI32.dll
0x00007ffe33950000 - 0x00007ffe339ee000 	C:\Windows\System32\sechost.dll
0x00007ffe33c00000 - 0x00007ffe33d20000 	C:\Windows\System32\RPCRT4.dll
0x00007ffe35790000 - 0x00007ffe35798000 	C:\Windows\System32\PSAPI.DLL
0x00007ffe1e590000 - 0x00007ffe1e599000 	C:\Windows\SYSTEM32\WSOCK32.dll
0x00007ffe2cc50000 - 0x00007ffe2cc83000 	C:\Windows\SYSTEM32\WINMM.dll
0x00007ffe23fb0000 - 0x00007ffe23fba000 	C:\Windows\SYSTEM32\VERSION.dll
0x00007ffe33db0000 - 0x00007ffe33e1f000 	C:\Windows\System32\WS2_32.dll
0x00007ffe32060000 - 0x00007ffe32078000 	C:\Windows\SYSTEM32\kernel.appcore.dll
0x00007ffde13e0000 - 0x00007ffde13f0000 	C:\Program Files\OpenJDK\openjdk-11.0.16_8\bin\verify.dll
0x00007ffe21130000 - 0x00007ffe21351000 	C:\Windows\SYSTEM32\DBGHELP.DLL
0x00007ffe20a60000 - 0x00007ffe20a91000 	C:\Windows\SYSTEM32\dbgcore.DLL
0x00007ffe334e0000 - 0x00007ffe3355f000 	C:\Windows\System32\bcryptPrimitives.dll
0x00007ffde1280000 - 0x00007ffde12a8000 	C:\Program Files\OpenJDK\openjdk-11.0.16_8\bin\java.dll
0x00007ffde13d0000 - 0x00007ffde13da000 	C:\Program Files\OpenJDK\openjdk-11.0.16_8\bin\jimage.dll
0x00007ffdc48c0000 - 0x00007ffdc48d8000 	C:\Program Files\OpenJDK\openjdk-11.0.16_8\bin\zip.dll
0x00007ffe34ec0000 - 0x00007ffe35678000 	C:\Windows\System32\SHELL32.dll
0x00007ffe310d0000 - 0x00007ffe31937000 	C:\Windows\SYSTEM32\windows.storage.dll
0x00007ffe34180000 - 0x00007ffe344f9000 	C:\Windows\System32\combase.dll
0x00007ffe30f60000 - 0x00007ffe310c6000 	C:\Windows\SYSTEM32\wintypes.dll
0x00007ffe35860000 - 0x00007ffe3594a000 	C:\Windows\System32\SHCORE.dll
0x00007ffe35680000 - 0x00007ffe356dd000 	C:\Windows\System32\shlwapi.dll
0x00007ffe32ed0000 - 0x00007ffe32ef1000 	C:\Windows\SYSTEM32\profapi.dll
0x00007ffdc48a0000 - 0x00007ffdc48b9000 	C:\Program Files\OpenJDK\openjdk-11.0.16_8\bin\net.dll
0x00007ffe2d0a0000 - 0x00007ffe2d1ac000 	C:\Windows\SYSTEM32\WINHTTP.dll
0x00007ffe32480000 - 0x00007ffe324e7000 	C:\Windows\system32\mswsock.dll
0x00007ffdc4880000 - 0x00007ffdc4893000 	C:\Program Files\OpenJDK\openjdk-11.0.16_8\bin\nio.dll

dbghelp: loaded successfully - version: 4.0.5 - missing functions: none
symbol engine: initialized successfully - sym options: 0x614 - pdb path: .;C:\Program Files\OpenJDK\openjdk-11.0.16_8\bin;C:\Windows\SYSTEM32;C:\Windows\WinSxS\amd64_microsoft.windows.common-controls_6595b64144ccf1df_6.0.22000.120_none_9d947278b86cc467;C:\Program Files\OpenJDK\openjdk-11.0.16_8\bin\server

VM Arguments:
java_command: org.jetbrains.kotlin.cli.jvm.K2JVMCompiler @C:\Users\rrody\OneDrive\Documentos\PERSONAL-PROJECTS\MoviesPageNative\node_modules\react-native-screens\android\build\20220803_12372594563944187425.compiler.options
java_class_path (initial): C:\Users\rrody\.gradle\caches\modules-2\files-2.1\org.jetbrains.kotlin\kotlin-compiler-embeddable\1.6.21\97bdd5a752ce73b58ef16c17bc7f0ea2faff7a2e\kotlin-compiler-embeddable-1.6.21.jar;C:\Users\rrody\.gradle\caches\modules-2\files-2.1\org.jetbrains.kotlin\kotlin-reflect\1.6.21\5dc3574d9b7bebfcb4ec6b10ada4aaa9e140bd0b\kotlin-reflect-1.6.21.jar;C:\Users\rrody\.gradle\caches\modules-2\files-2.1\org.jetbrains.kotlin\kotlin-stdlib\1.6.21\11ef67f1900634fd951bad28c53ec957fabbe5b8\kotlin-stdlib-1.6.21.jar;C:\Users\rrody\.gradle\caches\modules-2\files-2.1\org.jetbrains.kotlin\kotlin-script-runtime\1.6.21\99c6675100da5d6d5b1c5a1032f27f28008d101b\kotlin-script-runtime-1.6.21.jar;C:\Users\rrody\.gradle\caches\modules-2\files-2.1\org.jetbrains.kotlin\kotlin-daemon-embeddable\1.6.21\46b78cf392e1c4f10854c3cadba44abb7b82250f\kotlin-daemon-embeddable-1.6.21.jar;C:\Users\rrody\.gradle\caches\modules-2\files-2.1\org.jetbrains.intellij.deps\trove4j\1.0.20200330\3afb14d5f9ceb459d724e907a21145e8ff394f02\trove4j-1.0.20200330.jar;C:\Users\rrody\.gradle\caches\modules-2\files-2.1\net.java.dev.jna\jna\5.6.0\330f2244e9030119ab3030fc3fededc86713d9cc\jna-5.6.0.jar;C:\Users\rrody\.gradle\caches\modules-2\files-2.1\org.jetbrains.kotlin\kotlin-stdlib-common\1.6.21\5e5b55c26dbc80372a920aef60eb774b714559b8\kotlin-stdlib-common-1.6.21.jar;C:\Users\rrody\.gradle\caches\modules-2\files-2.1\org.jetbrains\annotations\13.0\919f0dfe192fb4e063e7dacadee7f8bb9a2672a9\annotations-13.0.jar
Launcher Type: SUN_STANDARD

[Global flags]
     intx CICompilerCount                          = 4                                         {product} {ergonomic}
     uint ConcGCThreads                            = 2                                         {product} {ergonomic}
     uint G1ConcRefinementThreads                  = 8                                         {product} {ergonomic}
   size_t G1HeapRegionSize                         = 1048576                                   {product} {ergonomic}
    uintx GCDrainStackTargetSize                   = 64                                        {product} {ergonomic}
   size_t InitialHeapSize                          = 201326592                                 {product} {ergonomic}
   size_t MarkStackSize                            = 4194304                                   {product} {ergonomic}
   size_t MaxHeapSize                              = 3198156800                                {product} {ergonomic}
   size_t MaxNewSize                               = 1918894080                                {product} {ergonomic}
   size_t MinHeapDeltaBytes                        = 1048576                                   {product} {ergonomic}
    uintx NonNMethodCodeHeapSize                   = 5836300                                {pd product} {ergonomic}
    uintx NonProfiledCodeHeapSize                  = 122910970                              {pd product} {ergonomic}
    uintx ProfiledCodeHeapSize                     = 122910970                              {pd product} {ergonomic}
    uintx ReservedCodeCacheSize                    = 251658240                              {pd product} {ergonomic}
     bool SegmentedCodeCache                       = true                                      {product} {ergonomic}
     bool UseCompressedClassPointers               = true                                 {lp64_product} {ergonomic}
     bool UseCompressedOops                        = true                                 {lp64_product} {ergonomic}
     bool UseG1GC                                  = true                                      {product} {ergonomic}
     bool UseLargePagesIndividualAllocation        = false                                  {pd product} {ergonomic}

Logging:
Log output configuration:
 #0: stdout all=warning uptime,level,tags
 #1: stderr all=off uptime,level,tags

Environment Variables:
JAVA_HOME=C:\Program Files\OpenJDK\openjdk-11.0.16_8
CLASSPATH=C:\Users\rrody\OneDrive\Documentos\PERSONAL-PROJECTS\MoviesPageNative\android\\gradle\wrapper\gradle-wrapper.jar
PATH=C:\Users\rrody\OneDrive\Documentos\PERSONAL-PROJECTS\MoviesPageNative\android\node_modules\.bin;C:\Users\rrody\OneDrive\Documentos\PERSONAL-PROJECTS\MoviesPageNative\node_modules\.bin;C:\Users\rrody\OneDrive\Documentos\PERSONAL-PROJECTS\node_modules\.bin;C:\Users\rrody\OneDrive\Documentos\node_modules\.bin;C:\Users\rrody\OneDrive\node_modules\.bin;C:\Users\rrody\node_modules\.bin;C:\Users\node_modules\.bin;C:\node_modules\.bin;C:\Program Files\nodejs;C:\Users\rrody\OneDrive\Documentos\PERSONAL-PROJECTS\MoviesPageNative\node_modules\.bin;C:\Users\rrody\OneDrive\Documentos\PERSONAL-PROJECTS\node_modules\.bin;C:\Users\rrody\OneDrive\Documentos\node_modules\.bin;C:\Users\rrody\OneDrive\node_modules\.bin;C:\Users\rrody\node_modules\.bin;C:\Users\node_modules\.bin;C:\node_modules\.bin;C:\Users\rrody\AppData\Roaming\nvm\v16.13.1\node_modules\npm\node_modules\@npmcli\run-script\lib\node-gyp-bin;C:\Users\rrody\OneDrive\Documentos\WindowsPowerShell\Modules\oh-my-posh;C:\Windows\system32;C:\Windows;C:\Windows\System32\Wbem;C:\Windows\System32\WindowsPowerShell\v1.0\;C:\Windows\System32\OpenSSH\;C:\Program Files\Git\cmd;C:\Program Files\Docker\Docker\resources\bin;C:\ProgramData\DockerDesktop\version-bin;C:\Users\rrody\AppData\Roaming\nvm;C:\Program Files\nodejs;C:\ProgramData\chocolatey\bin;C:\Program Files\OpenJDK\openjdk-11.0.16_8\bin;C:\Users\rrody\AppData\Local\Android\Sdk\tools;C:\Users\rrody\AppData\Local\Microsoft\WindowsApps;C:\Users\rrody\AppData\Roaming\npm;C:\Users\rrody\AppData\Local\Programs\Microsoft VS Code\bin;C:\Users\rrody\AppData\Local\Programs\oh-my-posh\bin;C:\Users\rrody\AppData\Local\Programs\oh-my-posh\themes;C:\Users\rrody\AppData\Roaming\nvm;C:\Program Files\nodejs;C:\Program Files\heroku\bin;C:\Users\rrody\AppData\Local\Android\Sdk\platform-tools;C:\Users\rrody\AppData\Local\Android\Sdk;;C:\Users\rrody\OneDrive\Documentos\PERSONAL-PROJECTS\MoviesPageNative\node_modules\.bin
USERNAME=rrody
LANG=en_US.UTF-8
OS=Windows_NT
PROCESSOR_IDENTIFIER=Intel64 Family 6 Model 142 Stepping 10, GenuineIntel
TMP=C:\Users\rrody\AppData\Local\Temp
TEMP=C:\Users\rrody\AppData\Local\Temp



---------------  S Y S T E M  ---------------

OS: Windows 11 , 64 bit Build 22000 (10.0.22000.708)
OS uptime: 0 days 1:44 hours
Hyper-V role detected

CPU:total 8 (initial active 8) (4 cores per cpu, 2 threads per core) family 6 model 142 stepping 10 microcode 0xe0, cmov, cx8, fxsr, mmx, sse, sse2, sse3, ssse3, sse4.1, sse4.2, popcnt, avx, avx2, aes, clmul, erms, 3dnowpref, lzcnt, ht, tsc, tscinvbit, bmi1, bmi2, adx, fma

Memory: 4k page, system-wide physical 12197M (428M free)
TotalPageFile size 16009M (AvailPageFile size 0M)
current process WorkingSet (physical memory assigned to process): 442M, peak: 442M
current process commit charge ("private bytes"): 548M, peak: 549M

vm_info: OpenJDK 64-Bit Server VM (11.0.16+8) for windows-amd64 JRE (11.0.16+8), built on Jul 17 2022 01:33:05 by "tester" with MS VC++ 15.9 (VS2017)

END.
